Magma V2.26-12    Sun Jun 12 2022 21:12:48 on euler    [Seed = 3356266611]
Type ? for help.  Type <Ctrl>-D to quit.

Loading startup file "rank0curves.m"

Loading "quadPts.m"
Loading "new_models.m"
N= 76
checked that the analytic rank of J_0(N) is zero
Time: 0.670
Time: 0.620
Time: 58.490
X_0(N) is the curve Curve over Rational Field defined by
15*x[1]^2 - 152*x[4]^2 - x[5]^2 - 4*x[5]*x[6] + 53*x[6]^2 - 14*x[7]^2 + 
    34*x[7]*x[8] - 60*x[8]^2,
x[1]*x[2] - x[5]*x[7] + 2*x[5]*x[8] - x[6]*x[7] + 2*x[6]*x[8],
x[1]*x[3] - x[5]*x[8],
x[1]*x[4] - x[6]*x[8],
x[1]*x[5] - x[2]*x[7] + x[3]*x[7] - 5*x[3]*x[8] + 2*x[4]*x[7] - 4*x[4]*x[8],
x[1]*x[6] - x[3]*x[7] + 2*x[3]*x[8] - x[4]*x[8],
x[1]*x[7] - x[2]*x[5] - x[2]*x[6] + 2*x[3]*x[5] + 4*x[4]*x[5] + 6*x[4]*x[6],
x[1]*x[8] - 2*x[2]*x[6] + x[3]*x[5] + 3*x[4]*x[6],
5*x[2]^2 - 36*x[4]^2 - 3*x[5]^2 - 2*x[5]*x[6] + 9*x[6]^2 - 2*x[7]^2 + 
    2*x[7]*x[8] - 5*x[8]^2,
20*x[2]*x[3] + 8*x[4]^2 - x[5]^2 - 14*x[5]*x[6] - 17*x[6]^2 + x[7]^2 - 
    6*x[7]*x[8] + 5*x[8]^2,
12*x[2]*x[4] - 8*x[4]^2 - x[5]^2 + 2*x[5]*x[6] - x[6]^2 + x[7]^2 - 2*x[7]*x[8] -
    3*x[8]^2,
x[2]*x[8] - x[3]*x[7] + 2*x[3]*x[8] - x[4]*x[7] + 2*x[4]*x[8],
6*x[3]^2 + 10*x[4]^2 - x[5]^2 + 2*x[5]*x[6] - x[6]^2 + x[7]^2 - 2*x[7]*x[8] + 
    3*x[8]^2,
20*x[3]*x[4] + 12*x[4]^2 + x[5]^2 - 6*x[5]*x[6] - 3*x[6]^2 - x[7]^2 + 
    6*x[7]*x[8] - 5*x[8]^2,
x[3]*x[6] - x[4]*x[5]
with genus 8
Thus cusps are these places [
    Place at (1 : 1 : 0 : 0 : 1 : 0 : 1 : 0),
    Place at (-1 : -1 : 0 : 0 : 1 : 0 : 1 : 0),
    Place at (-1 : 1 : 0 : 0 : -1 : 0 : 1 : 0),
    Place at (1 : -1 : 0 : 0 : -1 : 0 : 1 : 0),
    Place at (0 : 0 : 0 : 0 : -1/2 : 1/2 : 1 : 0),
    Place at (0 : 0 : 0 : 0 : 1/2 : -1/2 : 1 : 0)
]
The base point for the Abel-Jacobi map is Place at (1 : 1 : 0 : 0 : 1 : 0 : 1 : 
0)
There are 21 effective degree 2 divisors that are composed of cusps
The cuspidal group is isomorphic to 
Abelian Group isomorphic to Z/3 + Z/45 + Z/45
Defined on 3 generators in supergroup:
    Ksub.1 = 2*$.2
    Ksub.2 = 2*$.3
    Ksub.3 = 14*$.4
Relations:
    3*Ksub.1 = 0
    45*Ksub.2 = 0
    45*Ksub.3 = 0
The possibilities for J(Q)/C are [
    Abelian Group of order 1
]
I*J(Q) is contained in the cuspidal subgroup where I= 1
found 6 Q-points.
Searching for points by intersecting with 6561 hyperplanes: .................................................................................................................................................................................................................................................................................................................................................................................................................................................................................................................................................................................................................................................................................................................................................................................................................................................................................................................................................................................................................................................................................................................................................................................................................................................................................................................................................................................................................................................................................................................................................................................................................................................................................................................................................................................................................................................................................................................................................................................................................................................................................
done (deg1: 6, deg2: 0, deg>2: 0).
A search found 0 new effective degree 2 divisors.
MWSieve: doing p = 5 ... done (2).
..
#missNew = 2
The Mordell--Weil sieve found 2 new effective degree 2 divisors.
The following is a list of degree 2 effective divisors D
                        such that [D-2P_0] belongs to the cuspidal subgroup
[
    Divisor 2*Place at (1 : 1 : 0 : 0 : 1 : 0 : 1 : 0),
    Divisor 1*Place at (1 : 1 : 0 : 0 : 1 : 0 : 1 : 0) + 1*Place at (-1 : -1 : 0
    : 0 : 1 : 0 : 1 : 0),
    Divisor 1*Place at (1 : 1 : 0 : 0 : 1 : 0 : 1 : 0) + 1*Place at (-1 : 1 : 0 
    : 0 : -1 : 0 : 1 : 0),
    Divisor 1*Place at (1 : 1 : 0 : 0 : 1 : 0 : 1 : 0) + 1*Place at (1 : -1 : 0 
    : 0 : -1 : 0 : 1 : 0),
    Divisor 1*Place at (1 : 1 : 0 : 0 : 1 : 0 : 1 : 0) + 1*Place at (0 : 0 : 0 :
    0 : -1/2 : 1/2 : 1 : 0),
    Divisor 1*Place at (1 : 1 : 0 : 0 : 1 : 0 : 1 : 0) + 1*Place at (0 : 0 : 0 :
    0 : 1/2 : -1/2 : 1 : 0),
    Divisor 2*Place at (-1 : -1 : 0 : 0 : 1 : 0 : 1 : 0),
    Divisor 1*Place at (-1 : -1 : 0 : 0 : 1 : 0 : 1 : 0) + 1*Place at (-1 : 1 : 
    0 : 0 : -1 : 0 : 1 : 0),
    Divisor 1*Place at (-1 : -1 : 0 : 0 : 1 : 0 : 1 : 0) + 1*Place at (1 : -1 : 
    0 : 0 : -1 : 0 : 1 : 0),
    Divisor 1*Place at (-1 : -1 : 0 : 0 : 1 : 0 : 1 : 0) + 1*Place at (0 : 0 : 0
    : 0 : -1/2 : 1/2 : 1 : 0),
    Divisor 1*Place at (-1 : -1 : 0 : 0 : 1 : 0 : 1 : 0) + 1*Place at (0 : 0 : 0
    : 0 : 1/2 : -1/2 : 1 : 0),
    Divisor 2*Place at (-1 : 1 : 0 : 0 : -1 : 0 : 1 : 0),
    Divisor 1*Place at (-1 : 1 : 0 : 0 : -1 : 0 : 1 : 0) + 1*Place at (1 : -1 : 
    0 : 0 : -1 : 0 : 1 : 0),
    Divisor 1*Place at (-1 : 1 : 0 : 0 : -1 : 0 : 1 : 0) + 1*Place at (0 : 0 : 0
    : 0 : -1/2 : 1/2 : 1 : 0),
    Divisor 1*Place at (-1 : 1 : 0 : 0 : -1 : 0 : 1 : 0) + 1*Place at (0 : 0 : 0
    : 0 : 1/2 : -1/2 : 1 : 0),
    Divisor 2*Place at (1 : -1 : 0 : 0 : -1 : 0 : 1 : 0),
    Divisor 1*Place at (1 : -1 : 0 : 0 : -1 : 0 : 1 : 0) + 1*Place at (0 : 0 : 0
    : 0 : -1/2 : 1/2 : 1 : 0),
    Divisor 1*Place at (1 : -1 : 0 : 0 : -1 : 0 : 1 : 0) + 1*Place at (0 : 0 : 0
    : 0 : 1/2 : -1/2 : 1 : 0),
    Divisor 2*Place at (0 : 0 : 0 : 0 : -1/2 : 1/2 : 1 : 0),
    Divisor 1*Place at (0 : 0 : 0 : 0 : -1/2 : 1/2 : 1 : 0) + 1*Place at (0 : 0 
    : 0 : 0 : 1/2 : -1/2 : 1 : 0),
    Divisor 2*Place at (0 : 0 : 0 : 0 : 1/2 : -1/2 : 1 : 0),
    Divisor on Curve over Rational Field defined by
    15*x[1]^2 - 152*x[4]^2 - x[5]^2 - 4*x[5]*x[6] + 53*x[6]^2 - 14*x[7]^2 + 
        34*x[7]*x[8] - 60*x[8]^2,
    x[1]*x[2] - x[5]*x[7] + 2*x[5]*x[8] - x[6]*x[7] + 2*x[6]*x[8],
    x[1]*x[3] - x[5]*x[8],
    x[1]*x[4] - x[6]*x[8],
    x[1]*x[5] - x[2]*x[7] + x[3]*x[7] - 5*x[3]*x[8] + 2*x[4]*x[7] - 4*x[4]*x[8],
    x[1]*x[6] - x[3]*x[7] + 2*x[3]*x[8] - x[4]*x[8],
    x[1]*x[7] - x[2]*x[5] - x[2]*x[6] + 2*x[3]*x[5] + 4*x[4]*x[5] + 6*x[4]*x[6],
    x[1]*x[8] - 2*x[2]*x[6] + x[3]*x[5] + 3*x[4]*x[6],
    5*x[2]^2 - 36*x[4]^2 - 3*x[5]^2 - 2*x[5]*x[6] + 9*x[6]^2 - 2*x[7]^2 + 
        2*x[7]*x[8] - 5*x[8]^2,
    20*x[2]*x[3] + 8*x[4]^2 - x[5]^2 - 14*x[5]*x[6] - 17*x[6]^2 + x[7]^2 - 
        6*x[7]*x[8] + 5*x[8]^2,
    12*x[2]*x[4] - 8*x[4]^2 - x[5]^2 + 2*x[5]*x[6] - x[6]^2 + x[7]^2 - 
        2*x[7]*x[8] - 3*x[8]^2,
    x[2]*x[8] - x[3]*x[7] + 2*x[3]*x[8] - x[4]*x[7] + 2*x[4]*x[8],
    6*x[3]^2 + 10*x[4]^2 - x[5]^2 + 2*x[5]*x[6] - x[6]^2 + x[7]^2 - 2*x[7]*x[8] 
        + 3*x[8]^2,
    20*x[3]*x[4] + 12*x[4]^2 + x[5]^2 - 6*x[5]*x[6] - 3*x[6]^2 - x[7]^2 + 
        6*x[7]*x[8] - 5*x[8]^2,
    x[3]*x[6] - x[4]*x[5],
    Divisor on Curve over Rational Field defined by
    15*x[1]^2 - 152*x[4]^2 - x[5]^2 - 4*x[5]*x[6] + 53*x[6]^2 - 14*x[7]^2 + 
        34*x[7]*x[8] - 60*x[8]^2,
    x[1]*x[2] - x[5]*x[7] + 2*x[5]*x[8] - x[6]*x[7] + 2*x[6]*x[8],
    x[1]*x[3] - x[5]*x[8],
    x[1]*x[4] - x[6]*x[8],
    x[1]*x[5] - x[2]*x[7] + x[3]*x[7] - 5*x[3]*x[8] + 2*x[4]*x[7] - 4*x[4]*x[8],
    x[1]*x[6] - x[3]*x[7] + 2*x[3]*x[8] - x[4]*x[8],
    x[1]*x[7] - x[2]*x[5] - x[2]*x[6] + 2*x[3]*x[5] + 4*x[4]*x[5] + 6*x[4]*x[6],
    x[1]*x[8] - 2*x[2]*x[6] + x[3]*x[5] + 3*x[4]*x[6],
    5*x[2]^2 - 36*x[4]^2 - 3*x[5]^2 - 2*x[5]*x[6] + 9*x[6]^2 - 2*x[7]^2 + 
        2*x[7]*x[8] - 5*x[8]^2,
    20*x[2]*x[3] + 8*x[4]^2 - x[5]^2 - 14*x[5]*x[6] - 17*x[6]^2 + x[7]^2 - 
        6*x[7]*x[8] + 5*x[8]^2,
    12*x[2]*x[4] - 8*x[4]^2 - x[5]^2 + 2*x[5]*x[6] - x[6]^2 + x[7]^2 - 
        2*x[7]*x[8] - 3*x[8]^2,
    x[2]*x[8] - x[3]*x[7] + 2*x[3]*x[8] - x[4]*x[7] + 2*x[4]*x[8],
    6*x[3]^2 + 10*x[4]^2 - x[5]^2 + 2*x[5]*x[6] - x[6]^2 + x[7]^2 - 2*x[7]*x[8] 
        + 3*x[8]^2,
    20*x[3]*x[4] + 12*x[4]^2 + x[5]^2 - 6*x[5]*x[6] - 3*x[6]^2 - x[7]^2 + 
        6*x[7]*x[8] - 5*x[8]^2,
    x[3]*x[6] - x[4]*x[5]
]
MWSieve: doing p = 5 ... done (0).
MWSieve: doing p = 7 ... done (0).

#missNew = 0
succeeded in determining all effective divisors of degree 2
We know 23 effective degree 2 divisors
++++++++++++++++++++++++++++++++++++++++++++++++++
We now print the places of degree 1 and their j-invariants,
                        and whether or not they are CM
Place at (-1 : -1 : 0 : 0 : 1 : 0 : 1 : 0)
is a cusp.
+++++++++++++++++++++++++++++++
Place at (-1 : 1 : 0 : 0 : -1 : 0 : 1 : 0)
is a cusp.
+++++++++++++++++++++++++++++++
Place at (1 : -1 : 0 : 0 : -1 : 0 : 1 : 0)
is a cusp.
+++++++++++++++++++++++++++++++
Place at (0 : 0 : 0 : 0 : 1/2 : -1/2 : 1 : 0)
is a cusp.
+++++++++++++++++++++++++++++++
Place at (1 : 1 : 0 : 0 : 1 : 0 : 1 : 0)
is a cusp.
+++++++++++++++++++++++++++++++
Place at (0 : 0 : 0 : 0 : -1/2 : 1/2 : 1 : 0)
is a cusp.
+++++++++++++++++++++++++++++++
We now print the places of degree 2 and their j-invariants,
                        and whether or not they are CM
The place P is defined over Quadratic Field with defining polynomial $.1^2 + 3 
over the Rational Field
The j-invariant is 54000
true -12
++++++++++++++++++++++++++
The place P is defined over Quadratic Field with defining polynomial $.1^2 + 3 
over the Rational Field
The j-invariant is 54000
true -12
++++++++++++++++++++++++++
Considering points defined over Q(sqrt(D)) where D= -3
+++++++++++++++++++++++++++++++++++
Curve over Rational Field defined by
15*x[1]^2 - 152*x[4]^2 - x[5]^2 - 4*x[5]*x[6] + 53*x[6]^2 - 14*x[7]^2 + 
    34*x[7]*x[8] - 60*x[8]^2,
x[1]*x[2] - x[5]*x[7] + 2*x[5]*x[8] - x[6]*x[7] + 2*x[6]*x[8],
x[1]*x[3] - x[5]*x[8],
x[1]*x[4] - x[6]*x[8],
x[1]*x[5] - x[2]*x[7] + x[3]*x[7] - 5*x[3]*x[8] + 2*x[4]*x[7] - 4*x[4]*x[8],
x[1]*x[6] - x[3]*x[7] + 2*x[3]*x[8] - x[4]*x[8],
x[1]*x[7] - x[2]*x[5] - x[2]*x[6] + 2*x[3]*x[5] + 4*x[4]*x[5] + 6*x[4]*x[6],
x[1]*x[8] - 2*x[2]*x[6] + x[3]*x[5] + 3*x[4]*x[6],
5*x[2]^2 - 36*x[4]^2 - 3*x[5]^2 - 2*x[5]*x[6] + 9*x[6]^2 - 2*x[7]^2 + 
    2*x[7]*x[8] - 5*x[8]^2,
20*x[2]*x[3] + 8*x[4]^2 - x[5]^2 - 14*x[5]*x[6] - 17*x[6]^2 + x[7]^2 - 
    6*x[7]*x[8] + 5*x[8]^2,
12*x[2]*x[4] - 8*x[4]^2 - x[5]^2 + 2*x[5]*x[6] - x[6]^2 + x[7]^2 - 2*x[7]*x[8] -
    3*x[8]^2,
x[2]*x[8] - x[3]*x[7] + 2*x[3]*x[8] - x[4]*x[7] + 2*x[4]*x[8],
6*x[3]^2 + 10*x[4]^2 - x[5]^2 + 2*x[5]*x[6] - x[6]^2 + x[7]^2 - 2*x[7]*x[8] + 
    3*x[8]^2,
20*x[3]*x[4] + 12*x[4]^2 + x[5]^2 - 6*x[5]*x[6] - 3*x[6]^2 - x[7]^2 + 
    6*x[7]*x[8] - 5*x[8]^2,
x[3]*x[6] - x[4]*x[5]
(-9082575448128*$.1^78 + 81527827545936*$.1^77 + 1807092986964768*$.1^76 - 
    5749523695998432*$.1^75 - 67800533356305666*$.1^74 + 
    134907927516508896*$.1^73 + 1119306791307143844*$.1^72 - 
    1634625608011135821*$.1^71 - 10674326537434810620*$.1^70 + 
    12320955009649440090*$.1^69 + 67277453604570067062*$.1^68 - 
    63981269002907913440*$.1^67 - 303442140464956344366*$.1^66 + 
    243979934564612479967*$.1^65 + 1031687810393796148328*$.1^64 - 
    713383516412918361149*$.1^63 - 2742021619814867628328*$.1^62 + 
    1649661045258842543480*$.1^61 + 5850528658756924769342*$.1^60 - 
    3087195130718734133366*$.1^59 - 10225008939049837781324*$.1^58 + 
    4758615555423164338143*$.1^57 + 14868236061377671380166*$.1^56 - 
    6125200930072653950592*$.1^55 - 18211294582358761944520*$.1^54 + 
    6656091965574859456572*$.1^53 + 18975572127356047796746*$.1^52 - 
    6159766637531414934040*$.1^51 - 16954234463977816154212*$.1^50 + 
    4888697522923081697996*$.1^49 + 13073314350175992479148*$.1^48 - 
    3346084731912240195210*$.1^47 - 8745239834933860097628*$.1^46 + 
    1983904664591549919740*$.1^45 + 5096095901468424116159*$.1^44 - 
    1022438884512689752538*$.1^43 - 2595348748226057743652*$.1^42 + 
    459196637060069592408*$.1^41 + 1158019893628595304443*$.1^40 - 
    180041432241649575284*$.1^39 - 453480559153341042416*$.1^38 + 
    61688588954448953588*$.1^37 + 156025623316000757760*$.1^36 - 
    18477033851599286900*$.1^35 - 47187208609373542748*$.1^34 + 
    4835956170918299132*$.1^33 + 12542032030538873084*$.1^32 - 
    1104750094419183386*$.1^31 - 2927339406289302036*$.1^30 + 
    219859534502810952*$.1^29 + 599091461168305877*$.1^28 - 
    38011604722332714*$.1^27 - 107265983736887720*$.1^26 + 
    5687650573597828*$.1^25 + 16751508671382189*$.1^24 - 732884702463038*$.1^23 
    - 2272606888111284*$.1^22 + 80803393926724*$.1^21 + 266455998743055*$.1^20 -
    7559792163830*$.1^19 - 26821639910836*$.1^18 + 593743408360*$.1^17 + 
    2298425503679*$.1^16 - 38595593268*$.1^15 - 165852484848*$.1^14 + 
    2037138812*$.1^13 + 9934498820*$.1^12 - 85002964*$.1^11 - 484558100*$.1^10 +
    2695540*$.1^9 + 18735338*$.1^8 - 60982*$.1^7 - 551972*$.1^6 + 876*$.1^5 + 
    11631*$.1^4 - 6*$.1^3 - 156*$.1^2 + 1)/(464*$.1^83 - 224*$.1^81 + 
    16*$.1^79)*$.6^5 + (-7246515115008*$.1^79 - 455261424815232*$.1^78 + 
    1440145388430432*$.1^77 + 32306246100816768*$.1^76 - 
    53768536027902144*$.1^75 - 767469648289150404*$.1^74 + 
    880863580756011960*$.1^73 + 9459848572794519984*$.1^72 - 
    8317011320697739203*$.1^71 - 72830382328741486392*$.1^70 + 
    51793198306534937202*$.1^69 + 387714651618766154340*$.1^68 - 
    230365556768454265188*$.1^67 - 1520903517078538221492*$.1^66 + 
    770926111704945432955*$.1^65 + 4590005261002537945464*$.1^64 - 
    2013007978517411085191*$.1^63 - 10991877921381409811552*$.1^62 + 
    4211699884409623388988*$.1^61 + 21374042428514132398900*$.1^60 - 
    7203973638209256020986*$.1^59 - 34350996663112270544592*$.1^58 + 
    10231660563482806262767*$.1^57 + 46265153541425656336064*$.1^56 - 
    12215338648346841278568*$.1^55 - 52799420931702452278512*$.1^54 + 
    12379391613490588323696*$.1^53 + 51514313407412696435472*$.1^52 - 
    10733474635718450527856*$.1^51 - 43279181638739461931750*$.1^50 + 
    8012606130793466983056*$.1^49 + 31493402750428302804944*$.1^48 - 
    5176037531301885819652*$.1^47 - 19943341981480290172698*$.1^46 + 
    2905013749056790202104*$.1^45 + 11031867097722234240101*$.1^44 - 
    1420904928201418082844*$.1^43 - 5346251288733249362620*$.1^42 + 
    607062437175862456368*$.1^41 + 2274871818052634381103*$.1^40 - 
    226890229447243018288*$.1^39 - 851214423700329986508*$.1^38 + 
    74245630462525440960*$.1^37 + 280343230525270758818*$.1^36 - 
    21274617298146709728*$.1^35 - 81290802812956007094*$.1^34 + 
    5335246213813764256*$.1^33 + 20747312701118800330*$.1^32 - 
    1169516149063057884*$.1^31 - 4656403345801109602*$.1^30 + 
    223635897358846824*$.1^29 + 917530571130080541*$.1^28 - 
    37197506799257716*$.1^27 - 158369194944699354*$.1^26 + 
    5361033288159792*$.1^25 + 23869577793968427*$.1^24 - 666131169757188*$.1^23 
    - 3128752051875582*$.1^22 + 70897460941432*$.1^21 + 354795549715807*$.1^20 -
    6409698121164*$.1^19 - 34575768101564*$.1^18 + 486952505168*$.1^17 + 
    2871169282929*$.1^16 - 30648193600*$.1^15 - 200947042780*$.1^14 + 
    1567739232*$.1^13 + 11684463450*$.1^12 - 63455400*$.1^11 - 553690530*$.1^10 
    + 1953648*$.1^9 + 20815194*$.1^8 - 42948*$.1^7 - 596702*$.1^6 + 600*$.1^5 + 
    12243*$.1^4 - 4*$.1^3 - 160*$.1^2 + 1)/(464*$.1^83 - 224*$.1^81 + 
    16*$.1^79)*$.6^4 + (-163993739360256*$.1^82 + 2435979181639680*$.1^81 + 
    32723810111391552*$.1^80 - 173259475089059376*$.1^79 - 
    1243149272595633888*$.1^78 + 4134653603479962720*$.1^77 + 
    20923307441844794478*$.1^76 - 51281604230734864272*$.1^75 - 
    204565460984863467906*$.1^74 + 397821913037898365963*$.1^73 + 
    1328272893133333385844*$.1^72 - 2136505750107234826367*$.1^71 - 
    6199596573583802590838*$.1^70 + 8463915138207134626478*$.1^69 + 
    21905465931754827688228*$.1^68 - 25821592789826644023965*$.1^67 - 
    60755632241705112224150*$.1^66 + 62565330524698784280754*$.1^65 + 
    135829375763195775900036*$.1^64 - 123198936272032690612089*$.1^63 - 
    249754244351046298776298*$.1^62 + 200660649642885091961846*$.1^61 + 
    383652039617718776512598*$.1^60 - 274096168132100991896523*$.1^59 - 
    498480692532352054935474*$.1^58 + 317473801296575997836255*$.1^57 + 
    553305675572059948220870*$.1^56 - 314572392564328632000860*$.1^55 - 
    528916744371099092809110*$.1^54 + 268565582111016900711596*$.1^53 + 
    438291990553114764347878*$.1^52 - 198707619985594057624228*$.1^51 - 
    316529084218920942051448*$.1^50 + 128009319188507573828078*$.1^49 + 
    200086618697646416579680*$.1^48 - 72068647798497746392218*$.1^47 - 
    111092334497921352221797*$.1^46 + 35561914368002959311830*$.1^45 + 
    54324411266663024654335*$.1^44 - 15413294436890776438830*$.1^43 - 
    23444787843346810629285*$.1^42 + 5876576295069114203868*$.1^41 + 
    8942760041273564102179*$.1^40 - 1972633156982765631888*$.1^39 - 
    3017589938394392954280*$.1^38 + 583139924949576667168*$.1^37 + 
    901088614164936649372*$.1^36 - 151758627489275047256*$.1^35 - 
    238077185606674760440*$.1^34 + 34735127369705483726*$.1^33 + 
    55616138200405727664*$.1^32 - 6980951844234862582*$.1^31 - 
    11472568944720237775*$.1^30 + 1229060231490726954*$.1^29 + 
    2085815338855916081*$.1^28 - 188961321592379610*$.1^27 - 
    333372063445513543*$.1^26 + 25265543167907402*$.1^25 + 
    46683582470239049*$.1^24 - 2922512179961214*$.1^23 - 5703259897943629*$.1^22
    + 290503560071706*$.1^21 + 604589489360351*$.1^20 - 24604343358178*$.1^19 - 
    55235655013425*$.1^18 + 1756194828524*$.1^17 + 4311743357623*$.1^16 - 
    104135115896*$.1^15 - 284418452340*$.1^14 + 5031625272*$.1^13 + 
    15626577352*$.1^12 - 192853488*$.1^11 - 701398866*$.1^10 + 5635890*$.1^9 + 
    25035542*$.1^8 - 117870*$.1^7 - 683005*$.1^6 + 1570*$.1^5 + 13367*$.1^4 - 
    10*$.1^3 - 167*$.1^2 + 1)/(1392*$.1^85 - 1136*$.1^83 + 272*$.1^81 - 
    16*$.1^79)*$.6^3 + (-83225518301952*$.1^81 - 2839255272118080*$.1^80 + 
    16564671843949440*$.1^79 + 202137522840673920*$.1^78 - 
    622439973361323000*$.1^77 - 4833063445449726720*$.1^76 + 
    10299489397112883552*$.1^75 + 60105810905622018696*$.1^74 - 
    98500650736138761144*$.1^73 - 467869753591721138784*$.1^72 + 
    622800995446982022031*$.1^71 + 2523047413137046756656*$.1^70 - 
    2818526109569014291250*$.1^69 - 10043533714669953102152*$.1^68 + 
    9615966693239817937584*$.1^67 + 30811493748367700755432*$.1^66 - 
    25644836708255640114975*$.1^65 - 75130212205168205876400*$.1^64 + 
    54897613709614394642983*$.1^63 + 149002971122145916785968*$.1^62 - 
    96240773806665114458128*$.1^61 - 244644430889717631749544*$.1^60 + 
    140334940549088467675546*$.1^59 + 337181877744692139296464*$.1^58 - 
    172306263696317575231839*$.1^57 - 394446759634068572225456*$.1^56 + 
    179896868563583648917456*$.1^55 + 395169377807595417178704*$.1^54 - 
    160977144523302088935712*$.1^53 - 341502961205606815460768*$.1^52 + 
    124249490362758533910752*$.1^51 + 256083206869970830513622*$.1^50 - 
    83147332294050882900064*$.1^49 - 167424859363577899544544*$.1^48 + 
    48440480558711696708936*$.1^47 + 95803632280849913954466*$.1^46 - 
    24647435614467700038704*$.1^45 - 48127020870083675090481*$.1^44 + 
    10979816594099544707768*$.1^43 + 21274298938644368610380*$.1^42 - 
    4289714067733703164128*$.1^41 - 8289297916294943126215*$.1^40 + 
    1471418484871860020448*$.1^39 + 2850077689812217299220*$.1^38 - 
    443312996875912389056*$.1^37 - 865183476472589267666*$.1^36 + 
    117293360420801804352*$.1^35 + 231883248713832136798*$.1^34 - 
    27231556755035325312*$.1^33 - 54839814712321647762*$.1^32 + 
    5539427301593162744*$.1^31 + 11431218666228749746*$.1^30 - 
    985125073406106960*$.1^29 - 2096492870578192545*$.1^28 + 
    152698815715838184*$.1^27 + 337468467814873282*$.1^26 - 
    20547797654508704*$.1^25 - 47522988068589083*$.1^24 + 
    2388069137525064*$.1^23 + 5830322475233718*$.1^22 - 238135862900784*$.1^21 -
    619864032780163*$.1^20 + 20204300457240*$.1^19 + 56728063498860*$.1^18 - 
    1442728709792*$.1^17 - 4430850925865*$.1^16 + 85477921536*$.1^15 + 
    292142991444*$.1^14 - 4122079872*$.1^13 - 16028201002*$.1^12 + 
    157519184*$.1^11 + 717758938*$.1^10 - 4585120*$.1^9 - 25538770*$.1^8 + 
    95432*$.1^7 + 693998*$.1^6 - 1264*$.1^5 - 13519*$.1^4 + 8*$.1^3 + 168*$.1^2 
    - 1)/(464*$.1^83 - 224*$.1^81 + 16*$.1^79)*$.6^2 + (-33067836202752*$.1^80 +
    528057871714368*$.1^79 + 6589467439572384*$.1^78 - 37387847466028800*$.1^77 
    - 248879291895572760*$.1^76 + 884247731490816468*$.1^75 + 
    4151522737537051320*$.1^74 - 10832885549766044508*$.1^73 - 
    40127121440840619327*$.1^72 + 82780671027390976940*$.1^71 + 
    257039359733722664472*$.1^70 - 436890043415869387887*$.1^69 - 
    1181290124585035386185*$.1^68 + 1697224722789286507365*$.1^67 + 
    4102597179888994575999*$.1^66 - 5067447738270200081505*$.1^65 - 
    11165355967031509441791*$.1^64 + 11993850571254366213666*$.1^63 + 
    24453619653587166480481*$.1^62 - 23027986114008929149229*$.1^61 - 
    43975891723284075255251*$.1^60 + 36505014394529812594449*$.1^59 + 
    65959302375894583993705*$.1^58 - 48445385728260223318063*$.1^57 - 
    83540206411691624336710*$.1^56 + 54415805274885398465840*$.1^55 + 
    90234607197191491832641*$.1^54 - 52190977033004662820224*$.1^53 - 
    83787975665528183357986*$.1^52 + 43047193603231928278756*$.1^51 + 
    67318820382237196395048*$.1^50 - 30708117639627587907708*$.1^49 - 
    47045378745620323157888*$.1^48 + 19032740410166244152384*$.1^47 + 
    28718095607149031343268*$.1^46 - 10285973240356081124434*$.1^45 - 
    15363973461819763451620*$.1^44 + 4860386217328072309254*$.1^43 + 
    7222348050775826449249*$.1^42 - 2012011546069581698336*$.1^41 - 
    2988818208960282307289*$.1^40 + 730585378626611081416*$.1^39 + 
    1090214461905796282070*$.1^38 - 232834783315526342268*$.1^37 - 
    350753569027727314270*$.1^36 + 65122593695765220936*$.1^35 + 
    99541677179952661814*$.1^34 - 15973668983334611052*$.1^33 - 
    24905984134771509014*$.1^32 + 3431210521097846048*$.1^31 + 
    5488091746205711362*$.1^30 - 644041336127273682*$.1^29 - 
    1063171361011070714*$.1^28 + 105315478873957370*$.1^27 + 
    180629568016435089*$.1^26 - 14943345308463540*$.1^25 - 
    26826844073908321*$.1^24 + 1830370451522688*$.1^23 + 3468397319043524*$.1^22
    - 192263596188886*$.1^21 - 388290007550428*$.1^20 + 17173170294050*$.1^19 + 
    37387399695529*$.1^18 - 1290212594616*$.1^17 - 3069840620673*$.1^16 + 
    80374079184*$.1^15 + 212593000778*$.1^14 - 4072479940*$.1^13 - 
    12239858842*$.1^12 + 163392232*$.1^11 + 574662126*$.1^10 - 4989532*$.1^9 - 
    21417694*$.1^8 + 108856*$.1^7 + 609060*$.1^6 - 1510*$.1^5 - 12404*$.1^4 + 
    10*$.1^3 + 161*$.1^2 - 1)/(348*$.1^81 - 284*$.1^79 + 68*$.1^77 - 
    4*$.1^75)*$.6 + (-18296592918336*$.1^79 - 576304064227584*$.1^78 + 
    3635591908555008*$.1^77 + 40868157079534752*$.1^76 - 
    135639218795098464*$.1^75 - 969592097028696768*$.1^74 + 
    2219631492732383500*$.1^73 + 11930270758228452192*$.1^72 - 
    20927519098505313168*$.1^71 - 91660923044645476958*$.1^70 + 
    130102659401599469628*$.1^69 + 486852627215261336760*$.1^68 - 
    577553689594887926455*$.1^67 - 1905187583522960700300*$.1^66 + 
    1928661182418222928976*$.1^65 + 5735312585024341884078*$.1^64 - 
    5024226255185776467597*$.1^63 - 13699141432431991886350*$.1^62 + 
    10485189090741203106541*$.1^61 + 26568182236212022988140*$.1^60 - 
    17885500213051641877968*$.1^59 - 42583906622919536319336*$.1^58 + 
    25327864942125673630463*$.1^57 + 57195885728300007145374*$.1^56 - 
    30143343979422850634288*$.1^55 - 65089432469225884830912*$.1^54 + 
    30445537453122767791040*$.1^53 + 63319064336733493734936*$.1^52 - 
    26302773758512716937888*$.1^51 - 53033642247380373670400*$.1^50 + 
    19559711968465452432576*$.1^49 + 38466444381148777119296*$.1^48 - 
    12583314435945875233728*$.1^47 - 24274851481474872930842*$.1^46 + 
    7031149332127991181376*$.1^45 + 13377991103690964901348*$.1^44 - 
    3422823220221190819576*$.1^43 - 6457167025260868409988*$.1^42 + 
    1454935813013756898464*$.1^41 + 2735574622645007721705*$.1^40 - 
    540823780678118237920*$.1^39 - 1018730412322903473010*$.1^38 + 
    175941344601732594944*$.1^37 + 333773252533369808930*$.1^36 - 
    50099442930012085600*$.1^35 - 96236812655801448902*$.1^34 + 
    12479792886065826656*$.1^33 + 24410928435744045556*$.1^32 - 
    2716066013814178048*$.1^31 - 5442140766148242124*$.1^30 + 
    515406083665404800*$.1^29 + 1064641812447614086*$.1^28 - 
    85032244446856744*$.1^27 - 182339544230339214*$.1^26 + 
    12149686562397056*$.1^25 + 27254943965768859*$.1^24 - 
    1495916272511296*$.1^23 - 3541022766101982*$.1^22 + 157686592723520*$.1^21 +
    397801355556044*$.1^20 - 14112610414840*$.1^19 - 38386117600892*$.1^18 + 
    1060856857120*$.1^17 + 3154804448843*$.1^16 - 66035528448*$.1^15 - 
    218433693918*$.1^14 + 3339339072*$.1^13 + 12560374794*$.1^12 - 
    133564512*$.1^11 - 588394298*$.1^10 + 4061984*$.1^9 + 21860636*$.1^8 - 
    88176*$.1^7 - 619180*$.1^6 + 1216*$.1^5 + 12550*$.1^4 - 8*$.1^3 - 162*$.1^2 
    + 1)/(116*$.1^79 - 56*$.1^77 + 4*$.1^75)
1 
Abelian Group isomorphic to Z/3 + Z/45 + Z/45
Defined on 3 generators in supergroup:
    $.1 = 2*$.2
    $.2 = 2*$.3
    $.3 = 14*$.4
Relations:
    3*$.1 = 0
    45*$.2 = 0
    45*$.3 = 0
[
    Abelian Group of order 1
]
[
    Place at (1 : 1 : 0 : 0 : 1 : 0 : 1 : 0),
    Place at (-1 : -1 : 0 : 0 : 1 : 0 : 1 : 0),
    Place at (-1 : 1 : 0 : 0 : -1 : 0 : 1 : 0),
    Place at (1 : -1 : 0 : 0 : -1 : 0 : 1 : 0),
    Place at (0 : 0 : 0 : 0 : -1/2 : 1/2 : 1 : 0),
    Place at (0 : 0 : 0 : 0 : 1/2 : -1/2 : 1 : 0)
]
[
    Divisor 2*Place at (1 : 1 : 0 : 0 : 1 : 0 : 1 : 0),
    Divisor 1*Place at (1 : 1 : 0 : 0 : 1 : 0 : 1 : 0) + 1*Place at (-1 : -1 : 0
    : 0 : 1 : 0 : 1 : 0),
    Divisor 1*Place at (1 : 1 : 0 : 0 : 1 : 0 : 1 : 0) + 1*Place at (-1 : 1 : 0 
    : 0 : -1 : 0 : 1 : 0),
    Divisor 1*Place at (1 : 1 : 0 : 0 : 1 : 0 : 1 : 0) + 1*Place at (1 : -1 : 0 
    : 0 : -1 : 0 : 1 : 0),
    Divisor 1*Place at (1 : 1 : 0 : 0 : 1 : 0 : 1 : 0) + 1*Place at (0 : 0 : 0 :
    0 : -1/2 : 1/2 : 1 : 0),
    Divisor 1*Place at (1 : 1 : 0 : 0 : 1 : 0 : 1 : 0) + 1*Place at (0 : 0 : 0 :
    0 : 1/2 : -1/2 : 1 : 0),
    Divisor 2*Place at (-1 : -1 : 0 : 0 : 1 : 0 : 1 : 0),
    Divisor 1*Place at (-1 : -1 : 0 : 0 : 1 : 0 : 1 : 0) + 1*Place at (-1 : 1 : 
    0 : 0 : -1 : 0 : 1 : 0),
    Divisor 1*Place at (-1 : -1 : 0 : 0 : 1 : 0 : 1 : 0) + 1*Place at (1 : -1 : 
    0 : 0 : -1 : 0 : 1 : 0),
    Divisor 1*Place at (-1 : -1 : 0 : 0 : 1 : 0 : 1 : 0) + 1*Place at (0 : 0 : 0
    : 0 : -1/2 : 1/2 : 1 : 0),
    Divisor 1*Place at (-1 : -1 : 0 : 0 : 1 : 0 : 1 : 0) + 1*Place at (0 : 0 : 0
    : 0 : 1/2 : -1/2 : 1 : 0),
    Divisor 2*Place at (-1 : 1 : 0 : 0 : -1 : 0 : 1 : 0),
    Divisor 1*Place at (-1 : 1 : 0 : 0 : -1 : 0 : 1 : 0) + 1*Place at (1 : -1 : 
    0 : 0 : -1 : 0 : 1 : 0),
    Divisor 1*Place at (-1 : 1 : 0 : 0 : -1 : 0 : 1 : 0) + 1*Place at (0 : 0 : 0
    : 0 : -1/2 : 1/2 : 1 : 0),
    Divisor 1*Place at (-1 : 1 : 0 : 0 : -1 : 0 : 1 : 0) + 1*Place at (0 : 0 : 0
    : 0 : 1/2 : -1/2 : 1 : 0),
    Divisor 2*Place at (1 : -1 : 0 : 0 : -1 : 0 : 1 : 0),
    Divisor 1*Place at (1 : -1 : 0 : 0 : -1 : 0 : 1 : 0) + 1*Place at (0 : 0 : 0
    : 0 : -1/2 : 1/2 : 1 : 0),
    Divisor 1*Place at (1 : -1 : 0 : 0 : -1 : 0 : 1 : 0) + 1*Place at (0 : 0 : 0
    : 0 : 1/2 : -1/2 : 1 : 0),
    Divisor 2*Place at (0 : 0 : 0 : 0 : -1/2 : 1/2 : 1 : 0),
    Divisor 1*Place at (0 : 0 : 0 : 0 : -1/2 : 1/2 : 1 : 0) + 1*Place at (0 : 0 
    : 0 : 0 : 1/2 : -1/2 : 1 : 0),
    Divisor 2*Place at (0 : 0 : 0 : 0 : 1/2 : -1/2 : 1 : 0),
    Divisor 1*Place at (-1 : 0 : 0 : 1/6*$.1 : 0 : -1/6*$.1 : 2 : 1),
    Divisor 1*Place at (1 : 0 : 0 : -1/6*$.1 : 0 : -1/6*$.1 : 2 : 1)
]
[]
[
    Place at (-1 : -1 : 0 : 0 : 1 : 0 : 1 : 0),
    Place at (-1 : 1 : 0 : 0 : -1 : 0 : 1 : 0),
    Place at (1 : -1 : 0 : 0 : -1 : 0 : 1 : 0),
    Place at (0 : 0 : 0 : 0 : 1/2 : -1/2 : 1 : 0),
    Place at (1 : 1 : 0 : 0 : 1 : 0 : 1 : 0),
    Place at (0 : 0 : 0 : 0 : -1/2 : 1/2 : 1 : 0)
]
[
    Place at (1 : 0 : 0 : -1/6*$.1 : 0 : -1/6*$.1 : 2 : 1),
    Place at (-1 : 0 : 0 : 1/6*$.1 : 0 : -1/6*$.1 : 2 : 1)
]
Time: 4608.070

Total time: 4608.149 seconds, Total memory usage: 2270.53MB
