Dimension of CuspForms(103) is:  8
Dimesion of eigenspace lambda = 1 for w103 is:  2
Dimesion of eigenspace lambda = -1 for w103 is:  6

Nice model for X0(103) is:
Curve over Rational Field defined by
x[1]^2 - 6*x[2]*x[3] - 17*x[3]^2 - 2*x[3]*x[4] + 116*x[3]*x[6] + 21*x[4]^2 - 
    6*x[4]*x[5] - 28*x[4]*x[6] - 25*x[5]^2 - 40*x[5]*x[6] - 83*x[6]^2 - x[7]^2 -
    2*x[8]^2,
x[1]*x[2] - 4*x[2]*x[3] - 4*x[3]^2 - x[3]*x[4] + 34*x[3]*x[6] + 4*x[4]^2 + 
    8*x[4]*x[5] - 12*x[4]*x[6] - 10*x[5]^2 - 6*x[5]*x[6] - 27*x[6]^2 - 
    x[7]*x[8],
x[1]*x[3] - 6*x[3]^2 - x[3]*x[4] + 39*x[3]*x[6] + 7*x[4]^2 - 8*x[4]*x[5] - 
    5*x[4]*x[6] - 2*x[5]^2 - 20*x[5]*x[6] - 23*x[6]^2 - x[8]^2,
x[1]*x[4] - x[2]*x[3] + 2*x[3]*x[4] - x[3]*x[6] - x[4]^2 + 3*x[4]*x[5] - 
    2*x[4]*x[6] + 2*x[5]*x[6],
x[1]*x[5] - x[3]^2 + x[3]*x[4] + 3*x[3]*x[6] + x[4]*x[5] - 2*x[4]*x[6] + x[5]^2 
    - 2*x[6]^2,
x[1]*x[6] - x[3]*x[6] - x[4]^2 + x[4]*x[5] + x[4]*x[6] + 2*x[5]*x[6] + x[6]^2,
x[1]*x[8] - x[2]*x[7] + 2*x[4]*x[7] - 2*x[5]*x[7] + 2*x[5]*x[8] + 4*x[6]*x[7] - 
    3*x[6]*x[8],
x[2]^2 - 6*x[3]^2 - 2*x[3]*x[4] + 36*x[3]*x[6] + 7*x[4]^2 - 10*x[4]*x[5] - 
    2*x[4]*x[6] - x[5]^2 - 22*x[5]*x[6] - 20*x[6]^2 - x[8]^2,
x[2]*x[4] - x[3]^2 + 6*x[3]*x[6] + 2*x[4]^2 - 2*x[4]*x[5] - 2*x[4]*x[6] - x[5]^2
    - 2*x[5]*x[6] - 4*x[6]^2,
x[2]*x[5] - x[3]*x[4] + 2*x[3]*x[6] + x[4]^2 - 2*x[4]*x[5] + x[4]*x[6] - 
    3*x[5]*x[6],
x[2]*x[6] - x[3]*x[6] - x[4]*x[5] + x[4]*x[6] + x[5]^2 - x[5]*x[6] + x[6]^2,
x[2]*x[8] - x[3]*x[7] + 2*x[5]*x[7] - x[5]*x[8] - x[6]*x[7] + x[6]*x[8],
x[3]*x[5] - 3*x[3]*x[6] - x[4]^2 + x[4]*x[5] + x[4]*x[6] + x[5]*x[6] + 2*x[6]^2,
x[3]*x[8] - x[4]*x[7] - x[6]*x[7],
x[4]*x[8] - x[5]*x[7] - x[5]*x[8] + 3*x[6]*x[7] - 2*x[6]*x[8]

Curve over Rational Field defined by
$.1^4*$.2^3 + $.1^3*$.2^4 - 2*$.1^2*$.2^5 + 2*$.1*$.2^6 + 4*$.2^7 - 
    $.1^5*$.2*$.3 - $.1^4*$.2^2*$.3 + 15*$.1^3*$.2^3*$.3 + 9*$.1^2*$.2^4*$.3 - 
    19*$.1*$.2^5*$.3 - 10*$.2^6*$.3 - 13*$.1^4*$.2*$.3^2 - 11*$.1^3*$.2^2*$.3^2 
    + 64*$.1^2*$.2^3*$.3^2 + 50*$.1*$.2^4*$.3^2 - 4*$.2^5*$.3^2 - $.1^4*$.3^3 - 
    50*$.1^3*$.2*$.3^3 - 47*$.1^2*$.2^2*$.3^3 + 71*$.1*$.2^3*$.3^3 + 
    38*$.2^4*$.3^3 - 4*$.1^3*$.3^4 - 82*$.1^2*$.2*$.3^4 - 65*$.1*$.2^2*$.3^4 + 
    21*$.2^3*$.3^4 - 6*$.1^2*$.3^5 - 61*$.1*$.2*$.3^5 - 28*$.2^2*$.3^5 - 
    4*$.1*$.3^6 - 17*$.2*$.3^6 - $.3^7
Genus of X0(103) is  8
Genus of X0(103)/w103 is  2

3
true (-20151121*$.1^30 + 27970959*$.1^29 + 1977516725*$.1^28 - 9371474317*$.1^27
    - 36758351571*$.1^26 + 345515632111*$.1^25 - 315721748568*$.1^24 - 
    4033529284607*$.1^23 + 13754896237657*$.1^22 + 2600596003106*$.1^21 - 
    105481325591720*$.1^20 + 222133567069926*$.1^19 + 28393727413239*$.1^18 - 
    950016854596987*$.1^17 + 1843731653667855*$.1^16 - 1031929707272882*$.1^15 -
    2190292719018786*$.1^14 + 5835642037367628*$.1^13 - 6698556540346422*$.1^12 
    + 3804333663344568*$.1^11 + 543125003108995*$.1^10 - 3335885053473574*$.1^9 
    + 3600420193697234*$.1^8 - 2406093162306058*$.1^7 + 1139387236157581*$.1^6 -
    396134405625837*$.1^5 + 101685336217646*$.1^4 - 19149103801408*$.1^3 + 
    2614271395953*$.1^2 - 249375536109*$.1 + 13618247877)/(169744*$.1^10 + 
    339488*$.1^9 - 2376416*$.1^8 - 2546160*$.1^7 + 8147712*$.1^6 - 2546160*$.1^5
    - 4073856*$.1^4 + 6959504*$.1^3 - 3225136*$.1^2 + 509232*$.1)*$.6^3 + 
    (-20151121*$.1^24 + 48122080*$.1^23 + 1727883435*$.1^22 - 10557683589*$.1^21
    - 8945293146*$.1^20 + 243089288646*$.1^19 - 626510683173*$.1^18 - 
    857225378947*$.1^17 + 7523717276905*$.1^16 - 13386131625646*$.1^15 - 
    6235152942271*$.1^14 + 67389567727364*$.1^13 - 124941996702377*$.1^12 + 
    88303228800940*$.1^11 + 67600393567474*$.1^10 - 241469307245643*$.1^9 + 
    305220339540878*$.1^8 - 238429241760671*$.1^7 + 124028778275720*$.1^6 - 
    41450376180015*$.1^5 + 7139666084656*$.1^4 + 341039977908*$.1^3 - 
    455332925538*$.1^2 + 88233036732*$.1 - 5586973488)/(169744*$.1^9 + 
    339488*$.1^8 - 2376416*$.1^7 - 2546160*$.1^6 + 8147712*$.1^5 - 2546160*$.1^4
    - 4073856*$.1^3 + 6959504*$.1^2 - 3225136*$.1 + 509232)*$.6^2 + 
    (-300763*$.1^32 + 300763*$.1^31 + 19850358*$.1^30 - 34888508*$.1^29 - 
    540771874*$.1^28 + 1388923534*$.1^27 + 7442380435*$.1^26 - 
    27373042156*$.1^25 - 46436002622*$.1^24 + 295820862384*$.1^23 - 
    35231077057*$.1^22 - 1712697911130*$.1^21 + 2358780145002*$.1^20 + 
    4039994185292*$.1^19 - 13425402250556*$.1^18 + 5744154036378*$.1^17 + 
    25446273472753*$.1^16 - 44912292751076*$.1^15 + 13537237362950*$.1^14 + 
    47966579513740*$.1^13 - 74930441127315*$.1^12 + 41279628814233*$.1^11 + 
    12782509909062*$.1^10 - 38985679637696*$.1^9 + 31622029632443*$.1^8 - 
    14016045141401*$.1^7 + 3138596346061*$.1^6 + 35401008152*$.1^5 - 
    197720393148*$.1^4 + 28139386280*$.1^3 + 7851718878*$.1^2 - 2934243828*$.1 +
    316703439)/(169744*$.1^10 + 339488*$.1^9 - 2376416*$.1^8 - 2546160*$.1^7 + 
    8147712*$.1^6 - 2546160*$.1^5 - 4073856*$.1^4 + 6959504*$.1^3 - 
    3225136*$.1^2 + 509232*$.1)*$.6 + (-300763*$.1^26 + 601526*$.1^25 + 
    16241202*$.1^24 - 44212161*$.1^23 - 334147693*$.1^22 + 1223804647*$.1^21 + 
    2917100337*$.1^20 - 16510384885*$.1^19 - 2962816313*$.1^18 + 
    111646533993*$.1^17 - 126425727050*$.1^16 - 308020110427*$.1^15 + 
    820218597138*$.1^14 - 202211085501*$.1^13 - 1552643572287*$.1^12 + 
    2296074969421*$.1^11 - 588904179942*$.1^10 - 1888482154873*$.1^9 + 
    2607556260452*$.1^8 - 1454516635907*$.1^7 + 135272670695*$.1^6 + 
    341756395374*$.1^5 - 243245083880*$.1^4 + 81540759219*$.1^3 - 
    14242030339*$.1^2 + 1055377367*$.1 + 33384693)/(169744*$.1^9 + 339488*$.1^8 
    - 2376416*$.1^7 - 2546160*$.1^6 + 8147712*$.1^5 - 2546160*$.1^4 - 
    4073856*$.1^3 + 6959504*$.1^2 - 3225136*$.1 + 509232)
p = 3 (1/3): Getting deg 1 places on Xp...
Getting deg 2 places on Xp...
Combining them into divisors...
There are  33  of them!
out of 17: .................The number of possible cosets unknown points can land in is 5.
p = 5 (2/3): Getting deg 1 places on Xp...
Getting deg 2 places on Xp...
Combining them into divisors...
There are  52  of them!
out of 5: .....The number of possible cosets unknown points can land in is 3.
p = 7 (3/3): Getting deg 1 places on Xp...
Getting deg 2 places on Xp...
Combining them into divisors...
There are  132  of them!
out of 3: ...The number of possible cosets unknown points can land in is 1.
Abelian Group of order 1
[
    0
]
Loading "new_models.m"
Hyperelliptic Curve defined by y^2 = x^6 + 2*x^4 - 2*x^3 + 5*x^2 - 6*x + 1 over 
Rational Field
Loading "quadPts.m"
Loading "new_models.m"
found 8 Q-points.
Searching for points by intersecting with 125 hyperplanes: .............................................................................................................................
done (deg1: 8, deg2: 4, deg>2: 0).
[ 1, 1, 1, 1, 1, 1, 1, 1 ]
[ 2, 2, 2, 2 ]
[ 2, 2, 2, 2, 2, 2, 2, 2, 4, 4, 4, 4 ]
2885 Place at (1/9*z : 1/27*z : 461 : 196 : 78 : 25 : 8 : 1)
-3 Place at (0 : 1/293770107807*(-353907929550*z + 47187723940) : -2 : 1 : 0 : 1
: 1 : 0)
-3 Place at (-1/8655*z : -1/25965*z : -4/3 : -1/3 : 2 : -1/3 : 5/3 : 1)
-11 Place at (1/3*z : 1/3*z : 1 : 0 : 0 : -1 : 0 : 1)
-43 Place at (0 : 1/108*(-60*z + 5) : -1 : 1 : 0 : 4 : 2 : 1)
-67 Place at (1/4*(12*z + 201) : 0 : 3 : -4 : 5 : -1 : 3 : 1)
-3 Place at (1/11*z : 1/11*z : -2 : 1 : 2 : 1 : 1 : 1)
j-invariant of the non-CM point over Q(sqrt 2885) is
(-24811430943412036323396353064960*z + 35982263935929364331785036841779200 : 1)
-363

Total time: 847.539 seconds, Total memory usage: 4215.44MB
